[debug] [2021-02-27T17:42:08.788Z] ----------------------------------------------------------------------
[debug] [2021-02-27T17:42:08.790Z] Command:       /Users/jaikumar/.nvm/versions/node/v10.24.0/bin/node /Users/jaikumar/.nvm/versions/node/v10.24.0/bin/firebase emulators:start --only functions
[debug] [2021-02-27T17:42:08.791Z] CLI Version:   9.5.0
[debug] [2021-02-27T17:42:08.791Z] Platform:      darwin
[debug] [2021-02-27T17:42:08.791Z] Node Version:  v10.24.0
[debug] [2021-02-27T17:42:08.791Z] Time:          Sat Feb 27 2021 23:12:08 GMT+0530 (India Standard Time)
[debug] [2021-02-27T17:42:08.792Z] ----------------------------------------------------------------------
[debug] [2021-02-27T17:42:08.792Z] 
[debug] [2021-02-27T17:42:08.806Z] > command requires scopes: ["email","openid","https://www.googleapis.com/auth/cloudplatformprojects.readonly","https://www.googleapis.com/auth/firebase","https://www.googleapis.com/auth/cloud-platform"]
[debug] [2021-02-27T17:42:08.806Z] > authorizing via signed-in user
[info] i  emulators: Starting emulators: functions {"metadata":{"emulator":{"name":"hub"},"message":"Starting emulators: functions"}}
[debug] [2021-02-27T17:42:08.824Z] [hub] writing locator at /var/folders/qx/gbzs7j7137b7x4rz5d9pd1bw0000gn/T/hub-interview--box.json
[warn] ⚠  functions: The following emulators are not running, calls to these services from the Functions emulator will affect production: auth, firestore, database, hosting, pubsub {"metadata":{"emulator":{"name":"functions"},"message":"The following emulators are not running, calls to these services from the Functions emulator will affect production: \u001b[1mauth, firestore, database, hosting, pubsub\u001b[22m"}}
[info] ✔  functions: Using node@10 from host. {"metadata":{"emulator":{"name":"functions"},"message":"Using node@10 from host."}}
[debug] [2021-02-27T17:42:08.861Z] defaultcredentials: writing to file /Users/jaikumar/.config/firebase/jaikumar_mnnit_gmail.com_application_default_credentials.json
[debug] [2021-02-27T17:42:08.866Z] Setting GAC to /Users/jaikumar/.config/firebase/jaikumar_mnnit_gmail.com_application_default_credentials.json {"metadata":{"emulator":{"name":"functions"},"message":"Setting GAC to /Users/jaikumar/.config/firebase/jaikumar_mnnit_gmail.com_application_default_credentials.json"}}
[debug] [2021-02-27T17:42:08.868Z] >>> [apiv2][query] GET https://firebase.googleapis.com/v1beta1/projects/interview--box/adminSdkConfig [none]
[debug] [2021-02-27T17:42:09.464Z] <<< [apiv2][status] GET https://firebase.googleapis.com/v1beta1/projects/interview--box/adminSdkConfig 200
[debug] [2021-02-27T17:42:09.464Z] <<< [apiv2][body] GET https://firebase.googleapis.com/v1beta1/projects/interview--box/adminSdkConfig {"projectId":"interview--box","storageBucket":"interview--box.appspot.com","locationId":"asia-south1"}
[warn] ⚠  emulators: The Emulator UI requires a project ID to start. Configure your default project with 'firebase use' or pass the --project flag. {"metadata":{"emulator":{"name":"hub"},"message":"The Emulator UI requires a project ID to start. Configure your default project with 'firebase use' or pass the --project flag."}}
[info] i  functions: Watching "/Users/jaikumar/Desktop/Test/interview-box/functions" for Cloud Functions... {"metadata":{"emulator":{"name":"functions"},"message":"Watching \"/Users/jaikumar/Desktop/Test/interview-box/functions\" for Cloud Functions..."}}
[debug] [2021-02-27T17:42:09.762Z] [worker-pool] addWorker(~diagnostic~) {"metadata":{"emulator":{"name":"functions"},"message":"[worker-pool] addWorker(~diagnostic~)"}}
[debug] [2021-02-27T17:42:09.763Z] [worker-pool] Adding worker with key ~diagnostic~, total=1 {"metadata":{"emulator":{"name":"functions"},"message":"[worker-pool] Adding worker with key ~diagnostic~, total=1"}}
[debug] [2021-02-27T17:42:09.763Z] [worker-pool] submitWork(triggerId=) {"metadata":{"emulator":{"name":"functions"},"message":"[worker-pool] submitWork(triggerId=)"}}
[debug] [2021-02-27T17:42:09.763Z] [worker-~diagnostic~-0db6ccd7-d67a-4663-a8d5-2e41edaf25a4]: Assigning socketPath: /var/folders/qx/gbzs7j7137b7x4rz5d9pd1bw0000gn/T/fire_emu_53579.sock {"metadata":{"emulator":{"name":"functions"},"message":"[worker-~diagnostic~-0db6ccd7-d67a-4663-a8d5-2e41edaf25a4]: Assigning socketPath: /var/folders/qx/gbzs7j7137b7x4rz5d9pd1bw0000gn/T/fire_emu_53579.sock"}}
[debug] [2021-02-27T17:42:09.764Z] [worker-~diagnostic~-0db6ccd7-d67a-4663-a8d5-2e41edaf25a4]: BUSY {"metadata":{"emulator":{"name":"functions"},"message":"[worker-~diagnostic~-0db6ccd7-d67a-4663-a8d5-2e41edaf25a4]: BUSY"}}
[debug] [2021-02-27T17:42:09.939Z] [runtime-status] [53579] Functions runtime initialized. {"cwd":"/Users/jaikumar/Desktop/Test/interview-box/functions","node_version":"10.24.0"} {"metadata":{"emulator":{"name":"functions"},"message":"[runtime-status] [53579] Functions runtime initialized. {\"cwd\":\"/Users/jaikumar/Desktop/Test/interview-box/functions\",\"node_version\":\"10.24.0\"}"}}
[debug] [2021-02-27T17:42:09.940Z] [runtime-status] [53579] Disabled runtime features: undefined {"metadata":{"emulator":{"name":"functions"},"message":"[runtime-status] [53579] Disabled runtime features: undefined"}}
[debug] [2021-02-27T17:42:09.952Z] [runtime-status] [53579] Resolved module firebase-admin {"declared":true,"installed":true,"version":"9.5.0","resolution":"/Users/jaikumar/Desktop/Test/interview-box/functions/node_modules/firebase-admin/lib/index.js"} {"metadata":{"emulator":{"name":"functions"},"message":"[runtime-status] [53579] Resolved module firebase-admin {\"declared\":true,\"installed\":true,\"version\":\"9.5.0\",\"resolution\":\"/Users/jaikumar/Desktop/Test/interview-box/functions/node_modules/firebase-admin/lib/index.js\"}"}}
[debug] [2021-02-27T17:42:09.955Z] [runtime-status] [53579] Resolved module firebase-functions {"declared":true,"installed":true,"version":"3.13.2","resolution":"/Users/jaikumar/Desktop/Test/interview-box/functions/node_modules/firebase-functions/lib/index.js"} {"metadata":{"emulator":{"name":"functions"},"message":"[runtime-status] [53579] Resolved module firebase-functions {\"declared\":true,\"installed\":true,\"version\":\"3.13.2\",\"resolution\":\"/Users/jaikumar/Desktop/Test/interview-box/functions/node_modules/firebase-functions/lib/index.js\"}"}}
[debug] [2021-02-27T17:42:09.956Z] [runtime-status] [53579] Resolved module firebase-functions {"declared":true,"installed":true,"version":"3.13.2","resolution":"/Users/jaikumar/Desktop/Test/interview-box/functions/node_modules/firebase-functions/lib/index.js"} {"metadata":{"emulator":{"name":"functions"},"message":"[runtime-status] [53579] Resolved module firebase-functions {\"declared\":true,\"installed\":true,\"version\":\"3.13.2\",\"resolution\":\"/Users/jaikumar/Desktop/Test/interview-box/functions/node_modules/firebase-functions/lib/index.js\"}"}}
[debug] [2021-02-27T17:42:09.961Z] [runtime-status] [53579] Outgoing network have been stubbed. [{"name":"http","status":"mocked"},{"name":"http","status":"mocked"},{"name":"https","status":"mocked"},{"name":"https","status":"mocked"},{"name":"net","status":"mocked"}] {"metadata":{"emulator":{"name":"functions"},"message":"[runtime-status] [53579] Outgoing network have been stubbed. [{\"name\":\"http\",\"status\":\"mocked\"},{\"name\":\"http\",\"status\":\"mocked\"},{\"name\":\"https\",\"status\":\"mocked\"},{\"name\":\"https\",\"status\":\"mocked\"},{\"name\":\"net\",\"status\":\"mocked\"}]"}}
[debug] [2021-02-27T17:42:09.961Z] [runtime-status] [53579] Resolved module firebase-functions {"declared":true,"installed":true,"version":"3.13.2","resolution":"/Users/jaikumar/Desktop/Test/interview-box/functions/node_modules/firebase-functions/lib/index.js"} {"metadata":{"emulator":{"name":"functions"},"message":"[runtime-status] [53579] Resolved module firebase-functions {\"declared\":true,\"installed\":true,\"version\":\"3.13.2\",\"resolution\":\"/Users/jaikumar/Desktop/Test/interview-box/functions/node_modules/firebase-functions/lib/index.js\"}"}}
[debug] [2021-02-27T17:42:10.033Z] [runtime-status] [53579] Checked functions.config() {"config":{}} {"metadata":{"emulator":{"name":"functions"},"message":"[runtime-status] [53579] Checked functions.config() {\"config\":{}}"}}
[debug] [2021-02-27T17:42:10.034Z] [runtime-status] [53579] firebase-functions has been stubbed. {"functionsResolution":{"declared":true,"installed":true,"version":"3.13.2","resolution":"/Users/jaikumar/Desktop/Test/interview-box/functions/node_modules/firebase-functions/lib/index.js"}} {"metadata":{"emulator":{"name":"functions"},"message":"[runtime-status] [53579] firebase-functions has been stubbed. {\"functionsResolution\":{\"declared\":true,\"installed\":true,\"version\":\"3.13.2\",\"resolution\":\"/Users/jaikumar/Desktop/Test/interview-box/functions/node_modules/firebase-functions/lib/index.js\"}}"}}
[debug] [2021-02-27T17:42:10.034Z] [runtime-status] [53579] Resolved module firebase-functions {"declared":true,"installed":true,"version":"3.13.2","resolution":"/Users/jaikumar/Desktop/Test/interview-box/functions/node_modules/firebase-functions/lib/index.js"} {"metadata":{"emulator":{"name":"functions"},"message":"[runtime-status] [53579] Resolved module firebase-functions {\"declared\":true,\"installed\":true,\"version\":\"3.13.2\",\"resolution\":\"/Users/jaikumar/Desktop/Test/interview-box/functions/node_modules/firebase-functions/lib/index.js\"}"}}
[debug] [2021-02-27T17:42:10.035Z] [runtime-status] [53579] Resolved module firebase-admin {"declared":true,"installed":true,"version":"9.5.0","resolution":"/Users/jaikumar/Desktop/Test/interview-box/functions/node_modules/firebase-admin/lib/index.js"} {"metadata":{"emulator":{"name":"functions"},"message":"[runtime-status] [53579] Resolved module firebase-admin {\"declared\":true,\"installed\":true,\"version\":\"9.5.0\",\"resolution\":\"/Users/jaikumar/Desktop/Test/interview-box/functions/node_modules/firebase-admin/lib/index.js\"}"}}
[debug] [2021-02-27T17:42:10.035Z] [runtime-status] [53579] Resolved module firebase-functions {"declared":true,"installed":true,"version":"3.13.2","resolution":"/Users/jaikumar/Desktop/Test/interview-box/functions/node_modules/firebase-functions/lib/index.js"} {"metadata":{"emulator":{"name":"functions"},"message":"[runtime-status] [53579] Resolved module firebase-functions {\"declared\":true,\"installed\":true,\"version\":\"3.13.2\",\"resolution\":\"/Users/jaikumar/Desktop/Test/interview-box/functions/node_modules/firebase-functions/lib/index.js\"}"}}
[debug] [2021-02-27T17:42:10.035Z] [runtime-status] [53579] firebase-admin has been stubbed. {"adminResolution":{"declared":true,"installed":true,"version":"9.5.0","resolution":"/Users/jaikumar/Desktop/Test/interview-box/functions/node_modules/firebase-admin/lib/index.js"}} {"metadata":{"emulator":{"name":"functions"},"message":"[runtime-status] [53579] firebase-admin has been stubbed. {\"adminResolution\":{\"declared\":true,\"installed\":true,\"version\":\"9.5.0\",\"resolution\":\"/Users/jaikumar/Desktop/Test/interview-box/functions/node_modules/firebase-admin/lib/index.js\"}}"}}
[info] ✔  functions[api]: http function initialized (http://localhost:5001/interview--box/us-central1/api). {"metadata":{"emulator":{"name":"functions"},"message":"\u001b[1mhttp\u001b[22m function initialized (http://localhost:5001/interview--box/us-central1/api)."}}
[info] 
┌─────────────────────────────────────────────────────────────┐
│ ✔  All emulators ready! It is now safe to connect your app. │
└─────────────────────────────────────────────────────────────┘

┌───────────┬────────────────┐
│ Emulator  │ Host:Port      │
├───────────┼────────────────┤
│ Functions │ localhost:5001 │
└───────────┴────────────────┘
  Emulator Hub running at localhost:4400
  Other reserved ports: None

Issues? Report them at https://github.com/firebase/firebase-tools/issues and attach the *-debug.log files.
 
[debug] [2021-02-27T17:42:10.217Z] [worker-~diagnostic~-0db6ccd7-d67a-4663-a8d5-2e41edaf25a4]: IDLE {"metadata":{"emulator":{"name":"functions"},"message":"[worker-~diagnostic~-0db6ccd7-d67a-4663-a8d5-2e41edaf25a4]: IDLE"}}
[debug] [2021-02-27T17:42:16.138Z] Functions emulator received unknown request at path /api
[debug] [2021-02-27T17:42:16.440Z] Functions emulator received unknown request at path /favicon.ico
[debug] [2021-02-27T17:42:19.015Z] Functions emulator received unknown request at path /api
[debug] [2021-02-27T17:42:43.274Z] [work-queue] {"queueLength":1,"workRunningCount":0}
[debug] [2021-02-27T17:42:43.274Z] [work-queue] {"queueLength":0,"workRunningCount":1}
[debug] [2021-02-27T17:42:43.275Z] Accepted request GET /interview--box/us-central1/api --> api
[debug] [2021-02-27T17:42:43.280Z] [worker-pool] addWorker(api) {"metadata":{"emulator":{"name":"functions"},"message":"[worker-pool] addWorker(api)"}}
[debug] [2021-02-27T17:42:43.281Z] [worker-pool] Adding worker with key api, total=1 {"metadata":{"emulator":{"name":"functions"},"message":"[worker-pool] Adding worker with key api, total=1"}}
[debug] [2021-02-27T17:42:43.281Z] [worker-pool] submitWork(triggerId=api) {"metadata":{"emulator":{"name":"functions"},"message":"[worker-pool] submitWork(triggerId=api)"}}
[debug] [2021-02-27T17:42:43.281Z] [worker-api-a2bbcacb-c852-4887-baef-ebd30ea9889a]: Assigning socketPath: /var/folders/qx/gbzs7j7137b7x4rz5d9pd1bw0000gn/T/fire_emu_53593.sock {"metadata":{"emulator":{"name":"functions"},"message":"[worker-api-a2bbcacb-c852-4887-baef-ebd30ea9889a]: Assigning socketPath: /var/folders/qx/gbzs7j7137b7x4rz5d9pd1bw0000gn/T/fire_emu_53593.sock"}}
[debug] [2021-02-27T17:42:43.281Z] [worker-api-a2bbcacb-c852-4887-baef-ebd30ea9889a]: BUSY {"metadata":{"emulator":{"name":"functions"},"message":"[worker-api-a2bbcacb-c852-4887-baef-ebd30ea9889a]: BUSY"}}
[debug] [2021-02-27T17:42:43.568Z] [runtime-status] [53593] Functions runtime initialized. {"cwd":"/Users/jaikumar/Desktop/Test/interview-box/functions","node_version":"10.24.0"} {"metadata":{"emulator":{"name":"functions"},"function":{"name":"api"},"message":"[runtime-status] [53593] Functions runtime initialized. {\"cwd\":\"/Users/jaikumar/Desktop/Test/interview-box/functions\",\"node_version\":\"10.24.0\"}"}}
[debug] [2021-02-27T17:42:43.570Z] [runtime-status] [53593] Disabled runtime features: undefined {"metadata":{"emulator":{"name":"functions"},"function":{"name":"api"},"message":"[runtime-status] [53593] Disabled runtime features: undefined"}}
[debug] [2021-02-27T17:42:43.576Z] [runtime-status] [53593] Resolved module firebase-admin {"declared":true,"installed":true,"version":"9.5.0","resolution":"/Users/jaikumar/Desktop/Test/interview-box/functions/node_modules/firebase-admin/lib/index.js"} {"metadata":{"emulator":{"name":"functions"},"function":{"name":"api"},"message":"[runtime-status] [53593] Resolved module firebase-admin {\"declared\":true,\"installed\":true,\"version\":\"9.5.0\",\"resolution\":\"/Users/jaikumar/Desktop/Test/interview-box/functions/node_modules/firebase-admin/lib/index.js\"}"}}
[debug] [2021-02-27T17:42:43.578Z] [runtime-status] [53593] Resolved module firebase-functions {"declared":true,"installed":true,"version":"3.13.2","resolution":"/Users/jaikumar/Desktop/Test/interview-box/functions/node_modules/firebase-functions/lib/index.js"} {"metadata":{"emulator":{"name":"functions"},"function":{"name":"api"},"message":"[runtime-status] [53593] Resolved module firebase-functions {\"declared\":true,\"installed\":true,\"version\":\"3.13.2\",\"resolution\":\"/Users/jaikumar/Desktop/Test/interview-box/functions/node_modules/firebase-functions/lib/index.js\"}"}}
[debug] [2021-02-27T17:42:43.579Z] [runtime-status] [53593] Resolved module firebase-functions {"declared":true,"installed":true,"version":"3.13.2","resolution":"/Users/jaikumar/Desktop/Test/interview-box/functions/node_modules/firebase-functions/lib/index.js"} {"metadata":{"emulator":{"name":"functions"},"function":{"name":"api"},"message":"[runtime-status] [53593] Resolved module firebase-functions {\"declared\":true,\"installed\":true,\"version\":\"3.13.2\",\"resolution\":\"/Users/jaikumar/Desktop/Test/interview-box/functions/node_modules/firebase-functions/lib/index.js\"}"}}
[debug] [2021-02-27T17:42:43.583Z] [runtime-status] [53593] Outgoing network have been stubbed. [{"name":"http","status":"mocked"},{"name":"http","status":"mocked"},{"name":"https","status":"mocked"},{"name":"https","status":"mocked"},{"name":"net","status":"mocked"}] {"metadata":{"emulator":{"name":"functions"},"function":{"name":"api"},"message":"[runtime-status] [53593] Outgoing network have been stubbed. [{\"name\":\"http\",\"status\":\"mocked\"},{\"name\":\"http\",\"status\":\"mocked\"},{\"name\":\"https\",\"status\":\"mocked\"},{\"name\":\"https\",\"status\":\"mocked\"},{\"name\":\"net\",\"status\":\"mocked\"}]"}}
[debug] [2021-02-27T17:42:43.585Z] [runtime-status] [53593] Resolved module firebase-functions {"declared":true,"installed":true,"version":"3.13.2","resolution":"/Users/jaikumar/Desktop/Test/interview-box/functions/node_modules/firebase-functions/lib/index.js"} {"metadata":{"emulator":{"name":"functions"},"function":{"name":"api"},"message":"[runtime-status] [53593] Resolved module firebase-functions {\"declared\":true,\"installed\":true,\"version\":\"3.13.2\",\"resolution\":\"/Users/jaikumar/Desktop/Test/interview-box/functions/node_modules/firebase-functions/lib/index.js\"}"}}
[debug] [2021-02-27T17:42:43.649Z] [runtime-status] [53593] Checked functions.config() {"config":{}} {"metadata":{"emulator":{"name":"functions"},"function":{"name":"api"},"message":"[runtime-status] [53593] Checked functions.config() {\"config\":{}}"}}
[debug] [2021-02-27T17:42:43.650Z] [runtime-status] [53593] firebase-functions has been stubbed. {"functionsResolution":{"declared":true,"installed":true,"version":"3.13.2","resolution":"/Users/jaikumar/Desktop/Test/interview-box/functions/node_modules/firebase-functions/lib/index.js"}} {"metadata":{"emulator":{"name":"functions"},"function":{"name":"api"},"message":"[runtime-status] [53593] firebase-functions has been stubbed. {\"functionsResolution\":{\"declared\":true,\"installed\":true,\"version\":\"3.13.2\",\"resolution\":\"/Users/jaikumar/Desktop/Test/interview-box/functions/node_modules/firebase-functions/lib/index.js\"}}"}}
[debug] [2021-02-27T17:42:43.650Z] [runtime-status] [53593] Resolved module firebase-functions {"declared":true,"installed":true,"version":"3.13.2","resolution":"/Users/jaikumar/Desktop/Test/interview-box/functions/node_modules/firebase-functions/lib/index.js"} {"metadata":{"emulator":{"name":"functions"},"function":{"name":"api"},"message":"[runtime-status] [53593] Resolved module firebase-functions {\"declared\":true,\"installed\":true,\"version\":\"3.13.2\",\"resolution\":\"/Users/jaikumar/Desktop/Test/interview-box/functions/node_modules/firebase-functions/lib/index.js\"}"}}
[debug] [2021-02-27T17:42:43.651Z] [runtime-status] [53593] Resolved module firebase-admin {"declared":true,"installed":true,"version":"9.5.0","resolution":"/Users/jaikumar/Desktop/Test/interview-box/functions/node_modules/firebase-admin/lib/index.js"} {"metadata":{"emulator":{"name":"functions"},"function":{"name":"api"},"message":"[runtime-status] [53593] Resolved module firebase-admin {\"declared\":true,\"installed\":true,\"version\":\"9.5.0\",\"resolution\":\"/Users/jaikumar/Desktop/Test/interview-box/functions/node_modules/firebase-admin/lib/index.js\"}"}}
[debug] [2021-02-27T17:42:43.651Z] [runtime-status] [53593] Resolved module firebase-functions {"declared":true,"installed":true,"version":"3.13.2","resolution":"/Users/jaikumar/Desktop/Test/interview-box/functions/node_modules/firebase-functions/lib/index.js"} {"metadata":{"emulator":{"name":"functions"},"function":{"name":"api"},"message":"[runtime-status] [53593] Resolved module firebase-functions {\"declared\":true,\"installed\":true,\"version\":\"3.13.2\",\"resolution\":\"/Users/jaikumar/Desktop/Test/interview-box/functions/node_modules/firebase-functions/lib/index.js\"}"}}
[debug] [2021-02-27T17:42:43.651Z] [runtime-status] [53593] firebase-admin has been stubbed. {"adminResolution":{"declared":true,"installed":true,"version":"9.5.0","resolution":"/Users/jaikumar/Desktop/Test/interview-box/functions/node_modules/firebase-admin/lib/index.js"}} {"metadata":{"emulator":{"name":"functions"},"function":{"name":"api"},"message":"[runtime-status] [53593] firebase-admin has been stubbed. {\"adminResolution\":{\"declared\":true,\"installed\":true,\"version\":\"9.5.0\",\"resolution\":\"/Users/jaikumar/Desktop/Test/interview-box/functions/node_modules/firebase-admin/lib/index.js\"}}"}}
[debug] [2021-02-27T17:42:43.819Z] [runtime-status] [53593] Trigger "api" has been found, beginning invocation! {"metadata":{"emulator":{"name":"functions"},"function":{"name":"api"},"message":"[runtime-status] [53593] Trigger \"api\" has been found, beginning invocation!"}}
[info] i  functions: Beginning execution of "api" {"metadata":{"emulator":{"name":"functions"},"function":{"name":"api"},"message":"Beginning execution of \"api\""}}
[debug] [2021-02-27T17:42:43.819Z] [runtime-status] [53593] triggerDefinition {"httpsTrigger":{},"name":"api","entryPoint":"api"} {"metadata":{"emulator":{"name":"functions"},"function":{"name":"api"},"message":"[runtime-status] [53593] triggerDefinition {\"httpsTrigger\":{},\"name\":\"api\",\"entryPoint\":\"api\"}"}}
[debug] [2021-02-27T17:42:43.819Z] [runtime-status] [53593] Running api in mode HTTPS {"metadata":{"emulator":{"name":"functions"},"function":{"name":"api"},"message":"[runtime-status] [53593] Running api in mode HTTPS"}}
[debug] [2021-02-27T17:42:43.823Z] [runtime-status] [53593] Attempting to listen to socketPath: /var/folders/qx/gbzs7j7137b7x4rz5d9pd1bw0000gn/T/fire_emu_53593.sock {"metadata":{"emulator":{"name":"functions"},"function":{"name":"api"},"message":"[runtime-status] [53593] Attempting to listen to socketPath: /var/folders/qx/gbzs7j7137b7x4rz5d9pd1bw0000gn/T/fire_emu_53593.sock"}}
[debug] [2021-02-27T17:42:43.827Z] [functions] Runtime ready! Sending request! {"metadata":{"emulator":{"name":"functions"},"message":"[functions] Runtime ready! Sending request!"}}
[debug] [2021-02-27T17:42:43.829Z] [functions] Got req.url=/interview--box/us-central1/api, mapping to path=/ {"metadata":{"emulator":{"name":"functions"},"message":"[functions] Got req.url=/interview--box/us-central1/api, mapping to path=/"}}
[debug] [2021-02-27T17:42:43.837Z] [runtime-status] [53593] Ephemeral server handling GET request {"metadata":{"emulator":{"name":"functions"},"function":{"name":"api"},"message":"[runtime-status] [53593] Ephemeral server handling GET request"}}
[debug] [2021-02-27T17:42:43.846Z] [runtime-status] [53593] Ephemeral server survived. {"metadata":{"emulator":{"name":"functions"},"function":{"name":"api"},"message":"[runtime-status] [53593] Ephemeral server survived."}}
[info] i  functions: Finished "api" in ~1s {"metadata":{"emulator":{"name":"functions"},"function":{"name":"api"},"message":"Finished \"api\" in ~1s"}}
[debug] [2021-02-27T17:42:43.848Z] [worker-api-a2bbcacb-c852-4887-baef-ebd30ea9889a]: IDLE {"metadata":{"emulator":{"name":"functions"},"message":"[worker-api-a2bbcacb-c852-4887-baef-ebd30ea9889a]: IDLE"}}
[debug] [2021-02-27T17:42:43.849Z] [work-queue] {"queueLength":0,"workRunningCount":0}
